TN:
SF:average.js
FN:1,(anonymous_0)
FNF:1
FNH:1
FNDA:5,(anonymous_0)
DA:1,1
DA:2,5
DA:3,2
DA:5,3
DA:6,1
DA:7,2
DA:8,1
DA:11,1
DA:14,1
LF:9
LH:9
BRDA:2,0,0,2
BRDA:2,0,1,3
BRDA:2,1,0,5
BRDA:2,1,1,4
BRDA:2,1,2,3
BRDA:5,2,0,1
BRDA:5,2,1,2
BRDA:5,3,0,3
BRDA:5,3,1,2
BRDA:7,4,0,1
BRDA:7,4,1,1
BRF:11
BRH:11
end_of_record
TN:
SF:prime.js
FN:1,(anonymous_0)
FNF:1
FNH:1
FNDA:3,(anonymous_0)
DA:1,1
DA:2,3
DA:3,1
DA:5,2
DA:6,2
DA:7,1
DA:10,1
DA:13,1
LF:8
LH:8
BRDA:2,0,0,1
BRDA:2,0,1,2
BRDA:6,1,0,1
BRDA:6,1,1,1
BRF:4
BRH:4
end_of_record
